Arguments: 
  /usr/bin/node /mnt/c/Program Files (x86)/Yarn/bin/yarn.js start

PATH: 
  /home/Yn_Wnz/bin:/home/Yn_Wnz/.local/bin:/usr/local/sbin:/usr/local/bin:/usr/sbin:/usr/bin:/sbin:/bin:/usr/games:/usr/local/games:/mnt/c/ProgramData/Oracle/Java/javapath_target_794080828:/mnt/c/Windows/System32:/mnt/c/Windows:/mnt/c/Windows/System32/wbem:/mnt/c/Windows/System32/WindowsPowerShell/v1.0:/mnt/c/Program Files (x86)/Windows Kits/8.1/Windows Performance Toolkit:/mnt/c/Program Files/Microsoft SQL Server/110/Tools/Binn:/mnt/c/Program Files (x86)/Microsoft SDKs/TypeScript/1.0:/mnt/c/Program Files/Microsoft SQL Server/120/Tools/Binn:/mnt/c/Program Files/PuTTY:/mnt/c/Program Files/Git/cmd:/mnt/c/Program Files (x86)/Yarn/bin:/mnt/c/Program Files/nodejs:/mnt/c/Users/Yon Wonze/AppData/Local/Programs/Python/Python36/Scripts:/mnt/c/Program Files/Genymobile/Genymotion/tools:/mnt/c/Windows/System32/OpenSSH:/mnt/c/Program Files/Microsoft VS Code/bin:/mnt/c/Users/Yon Wonze/AppData/Local/Programs/Python/Python36/Scripts:/mnt/c/Users/Yon Wonze/AppData/Local/Programs/Python/Python36:/mnt/c/Users/Yon Wonze/AppData/Local/Microsoft/WindowsApps:/mnt/c/Program Files/Bandizip:/mnt/c/Users/Yon Wonze/AppData/Roaming/npm:/mnt/c/Program Files/Microsoft VS Code/bin:/mnt/c/Users/Yon Wonze/AppData/Local/atom/bin:/mnt/c/Program Files/Genymobile/Genymotion/tools:/snap/bin

Yarn version: 
  1.5.1

Node version: 
  8.10.0

Platform: 
  linux x64

npm manifest: 
  {
    "name": "empty-project-template",
    "main": "node_modules/expo/AppEntry.js",
    "private": true,
    "scripts": {
      "start": "expo start",
      "android": "expo start --android",
      "ios": "expo start --ios",
      "eject": "expo eject"
    },
    "dependencies": {
      "expo": "^31.0.2",
      "react": "16.5.0",
      "react-native": "https://github.com/expo/react-native/archive/sdk-31.0.0.tar.gz"
    },
    "devDependencies": {
      "babel-preset-expo": "^5.0.0"
    }
  }

yarn manifest: 
  No manifest

Lockfile: 
  No lockfile

Trace: 
  Error: Command failed.
  Exit code: 1
  Command: sh
  Arguments: -c expo start
  Directory: /mnt/c/Users/Yon Wonze/Desktop/sinsiga/sinsiga
  Output:
  
      at ProcessTermError.MessageError (/mnt/c/Program Files (x86)/Yarn/lib/cli.js:186:110)
      at new ProcessTermError (/mnt/c/Program Files (x86)/Yarn/lib/cli.js:226:113)
      at ChildProcess.<anonymous> (/mnt/c/Program Files (x86)/Yarn/lib/cli.js:30281:17)
      at emitTwo (events.js:126:13)
      at ChildProcess.emit (events.js:214:7)
      at maybeClose (internal/child_process.js:925:16)
      at Process.ChildProcess._handle.onexit (internal/child_process.js:209:5)
